<?xml version="1.0" encoding="UTF-8"?>
<!-- Generated by org.testng.reporters.JUnitReportReporter -->
<testsuite hostname="VENNILA" failures="0" tests="1" name="MobileAutomationFramework.SwagLabsMobileAutomation.SwagLabs" time="24.873" errors="0" timestamp="2025-08-24T14:53:56 IST" skipped="0">
  <testcase classname="MobileAutomationFramework.SwagLabsMobileAutomation.SwagLabs" name="test" time="24.873"/>
  <system-out/>
</testsuite> <!-- MobileAutomationFramework.SwagLabsMobileAutomation.SwagLabs -->
