<?xml version="1.0" encoding="UTF-8"?>
<!-- Generated by org.testng.reporters.JUnitReportReporter -->
<testsuite hostname="VENNILA" failures="0" tests="3" name="test.LoginTest" time="31.869" errors="0" timestamp="2025-08-24T20:06:56 IST" skipped="0">
  <testcase classname="test.LoginTest" name="addProductToCartByDragAndDrop" time="25.944"/>
  <system-out/>
  <testcase classname="test.LoginTest" name="addProductToCartBySelect" time="2.620"/>
  <system-out/>
  <testcase classname="test.LoginTest" name="loginTest" time="3.305"/>
  <system-out/>
</testsuite> <!-- test.LoginTest -->
